presen.dvi -> presen.pdf
resume.dvi -> resume.pdf
presen-nokey.dvi -> presen-nokey.pdf
[1[1[1
** WARNING ** Unparsed material at end of special ignored.

Current input buffer is -->! /landplus90 true store<--

** WARNING ** Unparsed material at end of special ignored.

Current input buffer is -->! /landplus90 true store<--

** WARNING ** Unparsed material at end of special ignored.

Current input buffer is -->! /landplus90 true store<--
][2][2][3][3][4][5][2][4][5][6][7][6][3][8][9][7][10][8][9][11][12][13][10][14][15][11][4][16][17][18][12][19][20][13][14][21][22][23][15][16][17][5][18][24][6][19][20][21][22][25][23][7][24][8][26][25][27][26][28][29][30][9][27][28][29][31][30][32][33][34][31][35][32][10][33][36][37][34][11][38][35]][39[36]
** WARNING ** UCS-4 TrueType cmap table...

12532760 bytes written
][37][38]
** WARNING ** UCS-4 TrueType cmap table...
][12]
12531588 bytes written

** WARNING ** UCS-4 TrueType cmap table...

12527747 bytes written
resume.dvi -> resume.pdf
[1
** WARNING ** Unparsed material at end of special ignored.

Current input buffer is -->! /landplus90 true store<--
presen.dvi -> presen.pdf
[1
** WARNING ** Unparsed material at end of special ignored.

Current input buffer is -->! /landplus90 true store<--
][2][3][4presen-nokey.dvi -> presen-nokey.pdf
[1
** WARNING ** Unparsed material at end of special ignored.

Current input buffer is -->! /landplus90 true store<--
][2][3][2][5][4][6][5][7][3][8][6][9][7][10][8][4][11][9][12][5][13][6][14][15][16][17][18][10][7][19][11][12][20][21][22][23][8][13][14][24][15][16][17][18][19][20][21][22][25][23][24][26][27][25][9][26][28][29][30][27][28][29][31][30][10][32][33][31][32][34][11][33][34][35][35][36][37][36][38]
** WARNING ** UCS-4 TrueType cmap table...

12534076 bytes written
][37][38][12]
** WARNING ** UCS-4 TrueType cmap table...

12530301 bytes written
][39]
** WARNING ** UCS-4 TrueType cmap table...

12535415 bytes written
presen-nokey.dvi -> presen-nokey.pdf
[1
** WARNING ** Unparsed material at end of special ignored.

Current input buffer is -->! /landplus90 true store<--
][2][3presen.dvi -> presen.pdf
[1
** WARNING ** Unparsed material at end of special ignored.

Current input buffer is -->! /landplus90 true store<--
][2][3][4resume.dvi -> resume.pdf
[1
** WARNING ** Unparsed material at end of special ignored.

Current input buffer is -->! /landplus90 true store<--
][4][5][5][2][6][6][7][3][7][8][8][9][9][10][10][11][12][4][11][13][14][12][15][16][17][13][18][5][19][14][15][20][21][22][6][23][16][17][18][19][20][21][22][23][7][24][24][25][25][8][26][26][27][27][28][29][28][29][30][9][30][31][31][32][32][33][33][34][34][10][35][35][36][37][36][11][38]
** WARNING ** UCS-4 TrueType cmap table...

12534076 bytes written
][37][38][39]
** WARNING ** UCS-4 TrueType cmap table...

12535415 bytes written
][12]
** WARNING ** UCS-4 TrueType cmap table...

12530298 bytes written
presen.dvi -> presen.pdf
[1
** WARNING ** Unparsed material at end of special ignored.

Current input buffer is -->! /landplus90 true store<--
][2][3][4resume.dvi -> resume.pdf
[1
** WARNING ** Unparsed material at end of special ignored.

Current input buffer is -->! /landplus90 true store<--
presen-nokey.dvi -> presen-nokey.pdf
[1
** WARNING ** Unparsed material at end of special ignored.

Current input buffer is -->! /landplus90 true store<--
][2][3][5][2][4][6][5][7][3][6][8][7][9][8][10][9][4][11][12][13][14][15][5][10][16][17][18][11][6][12][19][13][14][20][15][16][17][18][21][22][7][19][20][21][23][22]][23[24][25][8][24][26][27][25][28][29][30][26][31][9][32][33][27][28][34][29][35][36][37][30][38][39][40]
** WARNING ** UCS-4 TrueType cmap table...

12582364 bytes written
][31][32][33][34][10][35][36][11][37][38][39]
** WARNING ** UCS-4 TrueType cmap table...

12581091 bytes written
][12]
** WARNING ** UCS-4 TrueType cmap table...

12577135 bytes written
presen.dvi -> presen.pdf
presen-nokey.dvi -> presen-nokey.pdf
[1
** WARNING ** Unparsed material at end of special ignored.

Current input buffer is -->! /landplus90 true store<--
[1][2
** WARNING ** Unparsed material at end of special ignored.

Current input buffer is -->! /landplus90 true store<--
][3][4][2][3resume.dvi -> resume.pdf
[1
** WARNING ** Unparsed material at end of special ignored.

Current input buffer is -->! /landplus90 true store<--
][5][4][2][6][5][7][6][8][3][9][7][8][10][9][11][12][13][10][11][12][14][15][4][13][14][16][17][18][15][16][17][18][19][19][20][20][21][22][21][22][5][6][23][23][24][7][24][25][8][25][26][26][27][27][28][29][9][28][29][30][30][31][31][32][33][34][32][10][33][35][36][34][37][38][11][39]
** WARNING ** UCS-4 TrueType cmap table...

12580713 bytes written
][35][36][37][38][39][12][40]
** WARNING ** UCS-4 TrueType cmap table...

12582077 bytes written
]
** WARNING ** UCS-4 TrueType cmap table...

12576773 bytes written
presen-nokey.dvi -> presen-nokey.pdf
presen.dvi -> presen.pdf
resume.dvi -> resume.pdf
[1[1[1
** WARNING ** Unparsed material at end of special ignored.

Current input buffer is -->! /landplus90 true store<--

** WARNING ** Unparsed material at end of special ignored.

Current input buffer is -->! /landplus90 true store<--

** WARNING ** Unparsed material at end of special ignored.

Current input buffer is -->! /landplus90 true store<--
][2][2][3][4][3][2][4][5][6][5][3][6][7][8][7][9][8][10][4][9][5][6][11][10][11][12][12][13][7][14][15][13][14][16][17][18][15][16][17][19][20][18][21][22][23][19][20][21][24][22][8][23][25][24][26][25][27][26][28][29][30][9][27][28][29][31][30][32][33][34][10][35][31][11][32][36][33][37][12]][38
** WARNING ** UCS-4 TrueType cmap table...

12521382 bytes written
][34][39][40]
** WARNING ** UCS-4 TrueType cmap table...

12526719 bytes written
][35][36][37][38][39]
** WARNING ** UCS-4 TrueType cmap table...

12525352 bytes written
resume.dvi -> resume.pdf
[1
** WARNING ** Unparsed material at end of special ignored.

Current input buffer is -->! /landplus90 true store<--
presen.dvi -> presen.pdf
[1
** WARNING ** Unparsed material at end of special ignored.

Current input buffer is -->! /landplus90 true store<--
][2][3][4presen-nokey.dvi -> presen-nokey.pdf
[1
** WARNING ** Unparsed material at end of special ignored.

Current input buffer is -->! /landplus90 true store<--
][2][3][5][2][4][6][5][3][6][7][8][7][9][8][10][9][4][11][12][10][11][13][12][5][14][15][6][16][17][18][13][14][19][7][15][16][17][20][18][21][22][19][20][21][23][22][24][23][8][25][24][26][25][27][26][27][28][9][29][28][29][30][30][31][10][31][32][33][11][34][32][33][35][34][36][12][37]
** WARNING ** UCS-4 TrueType cmap table...

12525575 bytes written
][35][38][39]
** WARNING ** UCS-4 TrueType cmap table...

12529532 bytes written
][36][37][38][39][40]
** WARNING ** UCS-4 TrueType cmap table...

12530898 bytes written
presen-nokey.dvi -> presen-nokey.pdf
presen.dvi -> presen.pdf
[1
** WARNING ** Unparsed material at end of special ignored.

Current input buffer is -->! /landplus90 true store<--
][2[1][3
** WARNING ** Unparsed material at end of special ignored.

Current input buffer is -->! /landplus90 true store<--
][2][3][4resume.dvi -> resume.pdf
[1
** WARNING ** Unparsed material at end of special ignored.

Current input buffer is -->! /landplus90 true store<--
][4][5][2][6][5][6][7][7][3][8][8][9][10][9][10][11][11][12][12][13][13][14][15][16][17][4][14][15][18][16][17][18][19][19][20][21][20][5][22][21][22][6][23][23][24][7][25][24][26][25][8][27][26][28][29][30][27][28][29][31][30][9][32][33][31][32][34][33][35][34][36][37][10][35][38][36][39][37][40]
** WARNING ** UCS-4 TrueType cmap table...

12524547 bytes written
][11][38][39]
** WARNING ** UCS-4 TrueType cmap table...

12523179 bytes written
][12]
** WARNING ** UCS-4 TrueType cmap table...

12519214 bytes written
presen.dvi -> presen.pdf
[1
** WARNING ** Unparsed material at end of special ignored.

Current input buffer is -->! /landplus90 true store<--
][2][3][4presen-nokey.dvi -> presen-nokey.pdf
[1
** WARNING ** Unparsed material at end of special ignored.

Current input buffer is -->! /landplus90 true store<--
][2][3resume.dvi -> resume.pdf
[1
** WARNING ** Unparsed material at end of special ignored.

Current input buffer is -->! /landplus90 true store<--
][5][4][2][6][5][7][3][6][8][9][7][8][10][9][4][11][10][12][11][13][5][12][6][14][15][16][17][18][13][14][7][19][15][16][17][20][18][21][22][19][23][20][21][24][22][8][23][25][24][26][25][27][26][28][29][30][9][31][27][28][29][32][33][34][35][30][36][37][38][31][32][39][10][40]
** WARNING ** UCS-4 TrueType cmap table...

12527071 bytes written
][33][34][11][35][36][37][38][39]
** WARNING ** UCS-4 TrueType cmap table...

12525698 bytes written
][12]
** WARNING ** UCS-4 TrueType cmap table...

12521742 bytes written
resume.dvi -> resume.pdf
[1
** WARNING ** Unparsed material at end of special ignored.

Current input buffer is -->! /landplus90 true store<--
presen-nokey.dvi -> presen-nokey.pdf
presen.dvi -> presen.pdf
[1[1
** WARNING ** Unparsed material at end of special ignored.

Current input buffer is -->! /landplus90 true store<--

** WARNING ** Unparsed material at end of special ignored.

Current input buffer is -->! /landplus90 true store<--
][2][3][2][3][4][2][5][4][6][5][7][3][6][8][9][7][8][10][9][11][4][12][10][13][11][12][14][15][5][16][17][18][13][14][6][19][15][16][17][20][18][21][22][19][23][20][21][7][22][24][23][25][24][8][26][27][25][26][28][29][30][27][28][9][29][31][30][32][33][34][31][35][32][10][33][36][34][37][11][38][35][39][36][40]
** WARNING ** UCS-4 TrueType cmap table...

12527116 bytes written
][37][38][39]
** WARNING ** UCS-4 TrueType cmap table...
][12
12525756 bytes written
]
** WARNING ** UCS-4 TrueType cmap table...

12521816 bytes written
resume.dvi -> resume.pdf
[1
** WARNING ** Unparsed material at end of special ignored.

Current input buffer is -->! /landplus90 true store<--
presen-nokey.dvi -> presen-nokey.pdf
[1
** WARNING ** Unparsed material at end of special ignored.

Current input buffer is -->! /landplus90 true store<--
][2][3presen.dvi -> presen.pdf
[1
** WARNING ** Unparsed material at end of special ignored.

Current input buffer is -->! /landplus90 true store<--
][2][3][4][4][2][5][5][6][7][6][3][7][8][9][8][9][10][11][10][4][12][11][12][13][13][14][5][15][6][14][15][16][17][18][19][16][17][7][20][18][19][20][21][22][23][21][24][22][23][24][25][26][8][25][27][26][27][28][29][9][28][29][30][30][31][32][33][31][10][34][35presen.dvi -> presen.pdf
[1
** WARNING ** Unparsed material at end of special ignored.

Current input buffer is -->! /landplus90 true store<--
resume.dvi -> resume.pdf
][2][3][4[1
** WARNING ** Unparsed material at end of special ignored.

Current input buffer is -->! /landplus90 true store<--
presen-nokey.dvi -> presen-nokey.pdf
[1
** WARNING ** Unparsed material at end of special ignored.

Current input buffer is -->! /landplus90 true store<--
][32][2][3][33][36][5][2][11][4][34][37][35][6][7][5][38][39][36][3][8][6][12][37][40]
** WARNING ** UCS-4 TrueType cmap table...

12658581 bytes written
][38][41][9][7][42]
** WARNING ** UCS-4 TrueType cmap table...

12664446 bytes written
][39][40]
** WARNING ** UCS-4 TrueType cmap table...

12662263 bytes written
][10][8][11][9][4][12][10][13][11][14][12][5][15][6][13][16][17][7][18][19][20][14][15][21][16][17][18][22][19][23][24][25][20][26][21][22][23][8][24][27][25][28][26][29][27][30][31][9][32][28][29][30][31][33][32][33][34][34][35][36][10][35][37][38][39][36][11][40][37][38][41][42]
** WARNING ** UCS-4 TrueType cmap table...

12669477 bytes written
][39][40]
** WARNING ** UCS-4 TrueType cmap table...

12667285 bytes written
][12]
** WARNING ** UCS-4 TrueType cmap table...

12663607 bytes written
presen.dvi -> presen.pdf
[1
** WARNING ** Unparsed material at end of special ignored.

Current input buffer is -->! /landplus90 true store<--
presen-nokey.dvi -> presen-nokey.pdf
][2][3][4[1
** WARNING ** Unparsed material at end of special ignored.

Current input buffer is -->! /landplus90 true store<--
][2][3][5resume.dvi -> resume.pdf
][4[1
** WARNING ** Unparsed material at end of special ignored.

Current input buffer is -->! /landplus90 true store<--
][2][5][6][7][8][6][9][3][7][10][11][8][9][12][10][13][14][4][15][11][16][17][18][19][20][12][13][21][22][23][24][14][15][16][17][18][25][26][19][5][6][20][21][7][22][23][27][24][8][28][25][29][26][27][30][31][32][9][28][29][30][33][31][32][33][34][35][36][10][34][37][35][38][39][11][40][41][42][43]][36
** WARNING ** UCS-4 TrueType cmap table...

12712131 bytes written
][37][38][39][40][41]
** WARNING ** UCS-4 TrueType cmap table...

12709962 bytes written
][12]
** WARNING ** UCS-4 TrueType cmap table...

12705986 bytes written
presen-nokey.dvi -> presen-nokey.pdf
[1
** WARNING ** Unparsed material at end of special ignored.

Current input buffer is -->! /landplus90 true store<--
][2][3][4][5][6][7][8][9][10][11][12][13][14][15][16][17][18][19][20][21][22][23][24][25][26][27][28][29][30][31][32][33][34][35][36][37][38][39][40][41]
** WARNING ** UCS-4 TrueType cmap table...

12574256 bytes written
presen-nokey.dvi -> presen-nokey.pdf
[1
** WARNING ** Unparsed material at end of special ignored.

Current input buffer is -->! /landplus90 true store<--
][2][3][4][5][6][7][8][9][10][11][12][13][14][15][16][17][18][19][20][21][22][23][24][25][26][27][28][29][30][31][32][33][34][35][36][37][38][39][40][41]
** WARNING ** UCS-4 TrueType cmap table...

12574474 bytes written
presen-nokey.dvi -> presen-nokey.pdf
[1
** WARNING ** Unparsed material at end of special ignored.

Current input buffer is -->! /landplus90 true store<--
][2][3][4][5][6][7][8][9][10][11][12][13][14][15][16][17][18][19][20][21][22][23][24][25][26][27][28][29][30][31][32][33][34][35][36][37][38][39][40][41][42]
** WARNING ** UCS-4 TrueType cmap table...

13511205 bytes written
